This file contains any messages produced by compilers while
running configure, to aid debugging if configure makes a mistake.

It was created by libjrpc configure 1.0.0, which was
generated by GNU Autoconf 2.68.  Invocation command line was

  $ ./configure --host=mipsel-linux --build=i686-pc-linux-gnu --prefix=/home/alaveiw/study/autotoolsTEST/libjrpc/install --target=mipsel-linux --enable-static

## --------- ##
## Platform. ##
## --------- ##

hostname = cloud
uname -m = x86_64
uname -r = 3.2.0-36-generic
uname -s = Linux
uname -v = #57-Ubuntu SMP Tue Jan 8 21:44:52 UTC 2013

/usr/bin/uname -p = unknown
/bin/uname -X     = unknown

/bin/arch              = unknown
/usr/bin/arch -k       = unknown
/usr/convex/getsysinfo = unknown
/usr/bin/hostinfo      = unknown
/bin/machine           = unknown
/usr/bin/oslevel       = unknown
/bin/universe          = unknown

PATH: /home/alaveiw/projects/dj202_openwrt/staging_dir/toolchain-mipsel_24kec+dsp_gcc-4.8-linaro_musl-1.1.11/bin
PATH: /opt/buildroot-gcc342/bin
PATH: /usr/local/sbin
PATH: /usr/local/bin
PATH: /usr/sbin
PATH: /usr/bin
PATH: /sbin
PATH: /bin
PATH: /usr/games
PATH: ./


## ----------- ##
## Core tests. ##
## ----------- ##

configure:2339: checking for a BSD-compatible install
configure:2407: result: /usr/bin/install -c
configure:2418: checking whether build environment is sane
configure:2468: result: yes
configure:2517: checking for mipsel-linux-strip
configure:2544: result: mipsel-openwrt-linux-strip
configure:2609: checking for a thread-safe mkdir -p
configure:2648: result: /bin/mkdir -p
configure:2661: checking for gawk
configure:2677: found /usr/bin/gawk
configure:2688: result: gawk
configure:2699: checking whether make sets $(MAKE)
configure:2721: result: yes
configure:2750: checking whether make supports nested variables
configure:2767: result: yes
configure:2835: checking how to create a pax tar archive
configure:2848: tar --version
tar (GNU tar) 1.26
Copyright (C) 2011 Free Software Foundation, Inc.
License GPLv3+: GNU GPL version 3 or later <http://gnu.org/licenses/gpl.html>.
This is free software: you are free to change and redistribute it.
There is NO WARRANTY, to the extent permitted by law.

Written by John Gilmore and Jay Fenlason.
configure:2851: $? = 0
configure:2891: tardir=conftest.dir && eval tar --format=posix -chf - "$tardir" >conftest.tar
configure:2894: $? = 0
configure:2898: tar -xf - <conftest.tar
configure:2901: $? = 0
configure:2914: result: gnutar
configure:2934: checking for mipsel-linux-gcc
configure:2961: result: mipsel-openwrt-linux-gcc
configure:3230: checking for C compiler version
configure:3239: mipsel-openwrt-linux-gcc --version >&5
mipsel-openwrt-linux-gcc (OpenWrt/Linaro GCC 4.8-2014.04 r47048) 4.8.3
Copyright (C) 2013 Free Software Foundation, Inc.
This is free software; see the source for copying conditions.  There is NO
warranty; not even for MERCHANTABILITY or FITNESS FOR A PARTICULAR PURPOSE.

configure:3250: $? = 0
configure:3239: mipsel-openwrt-linux-gcc -v >&5
Reading specs from /home/alaveiw/projects/dj202_openwrt/staging_dir/toolchain-mipsel_24kec+dsp_gcc-4.8-linaro_musl-1.1.11/lib/gcc/mipsel-openwrt-linux-musl/4.8.3/specs
COLLECT_GCC=mipsel-openwrt-linux-gcc
COLLECT_LTO_WRAPPER=/home/alaveiw/projects/dj202_openwrt/staging_dir/toolchain-mipsel_24kec+dsp_gcc-4.8-linaro_musl-1.1.11/libexec/gcc/mipsel-openwrt-linux-musl/4.8.3/lto-wrapper
Target: mipsel-openwrt-linux-musl
Configured with: /home/alaveiw/projects/dj202_openwrt/build_dir/toolchain-mipsel_24kec+dsp_gcc-4.8-linaro_musl-1.1.11/gcc-linaro-4.8-2014.04/configure --with-bugurl=https://dev.openwrt.org/ --with-pkgversion='OpenWrt/Linaro GCC 4.8-2014.04 r47048' --prefix=/home/alaveiw/projects/dj202_openwrt/staging_dir/toolchain-mipsel_24kec+dsp_gcc-4.8-linaro_musl-1.1.11 --build=x86_64-linux-gnu --host=x86_64-linux-gnu --target=mipsel-openwrt-linux-musl --with-gnu-ld --enable-target-optspace --disable-libgomp --disable-libmudflap --disable-multilib --disable-nls --with-host-libstdcxx=-lstdc++ --with-float=soft --with-gmp=/home/alaveiw/projects/dj202_openwrt/staging_dir/host --with-mpfr=/home/alaveiw/projects/dj202_openwrt/staging_dir/host --with-mpc=/home/alaveiw/projects/dj202_openwrt/staging_dir/host --disable-decimal-float --with-mips-plt --disable-libssp --enable-__cxa_atexit --with-headers=/home/alaveiw/projects/dj202_openwrt/staging_dir/toolchain-mipsel_24kec+dsp_gcc-4.8-linaro_musl-1.1.11/include --disable-libsanitizer --enable-languages=c,c++ --enable-shared --enable-threads --with-slibdir=/home/alaveiw/projects/dj202_openwrt/staging_dir/toolchain-mipsel_24kec+dsp_gcc-4.8-linaro_musl-1.1.11/lib
Thread model: posix
gcc version 4.8.3 (OpenWrt/Linaro GCC 4.8-2014.04 r47048) 
configure:3250: $? = 0
configure:3239: mipsel-openwrt-linux-gcc -V >&5
mipsel-openwrt-linux-gcc: error: unrecognized command line option '-V'
mipsel-openwrt-linux-gcc: fatal error: no input files
compilation terminated.
configure:3250: $? = 1
configure:3239: mipsel-openwrt-linux-gcc -qversion >&5
mipsel-openwrt-linux-gcc: error: unrecognized command line option '-qversion'
mipsel-openwrt-linux-gcc: fatal error: no input files
compilation terminated.
configure:3250: $? = 1
configure:3270: checking whether the C compiler works
configure:3292: mipsel-openwrt-linux-gcc    conftest.c  >&5
mipsel-openwrt-linux-gcc: warning: environment variable 'STAGING_DIR' not defined
mipsel-openwrt-linux-gcc: warning: environment variable 'STAGING_DIR' not defined
mipsel-openwrt-linux-gcc: warning: environment variable 'STAGING_DIR' not defined
configure:3296: $? = 0
configure:3344: result: yes
configure:3347: checking for C compiler default output file name
configure:3349: result: a.out
configure:3355: checking for suffix of executables
configure:3362: mipsel-openwrt-linux-gcc -o conftest    conftest.c  >&5
mipsel-openwrt-linux-gcc: warning: environment variable 'STAGING_DIR' not defined
mipsel-openwrt-linux-gcc: warning: environment variable 'STAGING_DIR' not defined
mipsel-openwrt-linux-gcc: warning: environment variable 'STAGING_DIR' not defined
configure:3366: $? = 0
configure:3388: result: 
configure:3410: checking whether we are cross compiling
configure:3448: result: yes
configure:3453: checking for suffix of object files
configure:3475: mipsel-openwrt-linux-gcc -c   conftest.c >&5
mipsel-openwrt-linux-gcc: warning: environment variable 'STAGING_DIR' not defined
configure:3479: $? = 0
configure:3500: result: o
configure:3504: checking whether we are using the GNU C compiler
configure:3523: mipsel-openwrt-linux-gcc -c   conftest.c >&5
mipsel-openwrt-linux-gcc: warning: environment variable 'STAGING_DIR' not defined
configure:3523: $? = 0
configure:3532: result: yes
configure:3541: checking whether mipsel-openwrt-linux-gcc accepts -g
configure:3561: mipsel-openwrt-linux-gcc -c -g  conftest.c >&5
mipsel-openwrt-linux-gcc: warning: environment variable 'STAGING_DIR' not defined
configure:3561: $? = 0
configure: failed program was:
| /* confdefs.h */
| #define PACKAGE_NAME "libjrpc"
| #define PACKAGE_TARNAME "libjrpc"
| #define PACKAGE_VERSION "1.0.0"
| #define PACKAGE_STRING "libjrpc 1.0.0"
| #define PACKAGE_BUGREPORT "alaveiw@raonix.com"
| #define PACKAGE_URL ""
| #define PACKAGE "libjrpc"
| #define VERSION "1.0.0"
| /* end confdefs.h.  */
| 
| int
| main ()
| {
| 
|   ;
|   return 0;
| }
configure:3576: mipsel-openwrt-linux-gcc -c   conftest.c >&5
mipsel-openwrt-linux-gcc: warning: environment variable 'STAGING_DIR' not defined
configure:3576: $? = 0
configure: failed program was:
| /* confdefs.h */
| #define PACKAGE_NAME "libjrpc"
| #define PACKAGE_TARNAME "libjrpc"
| #define PACKAGE_VERSION "1.0.0"
| #define PACKAGE_STRING "libjrpc 1.0.0"
| #define PACKAGE_BUGREPORT "alaveiw@raonix.com"
| #define PACKAGE_URL ""
| #define PACKAGE "libjrpc"
| #define VERSION "1.0.0"
| /* end confdefs.h.  */
| 
| int
| main ()
| {
| 
|   ;
|   return 0;
| }
configure:3592: mipsel-openwrt-linux-gcc -c -g  conftest.c >&5
mipsel-openwrt-linux-gcc: warning: environment variable 'STAGING_DIR' not defined
configure:3592: $? = 0
configure:3602: result: yes
configure:3619: checking for mipsel-openwrt-linux-gcc option to accept ISO C89
configure:3683: mipsel-openwrt-linux-gcc  -c -g -O2  conftest.c >&5
mipsel-openwrt-linux-gcc: warning: environment variable 'STAGING_DIR' not defined
configure:3683: $? = 0
configure:3696: result: none needed
configure:3727: checking for style of include used by make
configure:3755: result: GNU
configure:3781: checking dependency style of mipsel-openwrt-linux-gcc
configure:3892: result: gcc3
configure:3917: checking how to run the C preprocessor
configure:3948: mipsel-openwrt-linux-gcc -E  conftest.c
mipsel-openwrt-linux-gcc: warning: environment variable 'STAGING_DIR' not defined
configure:3948: $? = 0
configure:3962: mipsel-openwrt-linux-gcc -E  conftest.c
mipsel-openwrt-linux-gcc: warning: environment variable 'STAGING_DIR' not defined
conftest.c:11:28: fatal error: ac_nonexistent.h: No such file or directory
 #include <ac_nonexistent.h>
                            ^
compilation terminated.
configure:3962: $? = 1
configure: failed program was:
| /* confdefs.h */
| #define PACKAGE_NAME "libjrpc"
| #define PACKAGE_TARNAME "libjrpc"
| #define PACKAGE_VERSION "1.0.0"
| #define PACKAGE_STRING "libjrpc 1.0.0"
| #define PACKAGE_BUGREPORT "alaveiw@raonix.com"
| #define PACKAGE_URL ""
| #define PACKAGE "libjrpc"
| #define VERSION "1.0.0"
| /* end confdefs.h.  */
| #include <ac_nonexistent.h>
configure:3987: result: mipsel-openwrt-linux-gcc -E
configure:4007: mipsel-openwrt-linux-gcc -E  conftest.c
mipsel-openwrt-linux-gcc: warning: environment variable 'STAGING_DIR' not defined
configure:4007: $? = 0
configure:4021: mipsel-openwrt-linux-gcc -E  conftest.c
mipsel-openwrt-linux-gcc: warning: environment variable 'STAGING_DIR' not defined
conftest.c:11:28: fatal error: ac_nonexistent.h: No such file or directory
 #include <ac_nonexistent.h>
                            ^
compilation terminated.
configure:4021: $? = 1
configure: failed program was:
| /* confdefs.h */
| #define PACKAGE_NAME "libjrpc"
| #define PACKAGE_TARNAME "libjrpc"
| #define PACKAGE_VERSION "1.0.0"
| #define PACKAGE_STRING "libjrpc 1.0.0"
| #define PACKAGE_BUGREPORT "alaveiw@raonix.com"
| #define PACKAGE_URL ""
| #define PACKAGE "libjrpc"
| #define VERSION "1.0.0"
| /* end confdefs.h.  */
| #include <ac_nonexistent.h>
configure:4050: checking for grep that handles long lines and -e
configure:4108: result: /bin/grep
configure:4113: checking for egrep
configure:4175: result: /bin/grep -E
configure:4180: checking for ANSI C header files
configure:4200: mipsel-openwrt-linux-gcc -c -g -O2  conftest.c >&5
mipsel-openwrt-linux-gcc: warning: environment variable 'STAGING_DIR' not defined
configure:4200: $? = 0
mipsel-openwrt-linux-gcc: warning: environment variable 'STAGING_DIR' not defined
mipsel-openwrt-linux-gcc: warning: environment variable 'STAGING_DIR' not defined
configure:4284: result: yes
configure:4297: checking for sys/types.h
configure:4297: mipsel-openwrt-linux-gcc -c -g -O2  conftest.c >&5
mipsel-openwrt-linux-gcc: warning: environment variable 'STAGING_DIR' not defined
configure:4297: $? = 0
configure:4297: result: yes
configure:4297: checking for sys/stat.h
configure:4297: mipsel-openwrt-linux-gcc -c -g -O2  conftest.c >&5
mipsel-openwrt-linux-gcc: warning: environment variable 'STAGING_DIR' not defined
configure:4297: $? = 0
configure:4297: result: yes
configure:4297: checking for stdlib.h
configure:4297: mipsel-openwrt-linux-gcc -c -g -O2  conftest.c >&5
mipsel-openwrt-linux-gcc: warning: environment variable 'STAGING_DIR' not defined
configure:4297: $? = 0
configure:4297: result: yes
configure:4297: checking for string.h
configure:4297: mipsel-openwrt-linux-gcc -c -g -O2  conftest.c >&5
mipsel-openwrt-linux-gcc: warning: environment variable 'STAGING_DIR' not defined
configure:4297: $? = 0
configure:4297: result: yes
configure:4297: checking for memory.h
configure:4297: mipsel-openwrt-linux-gcc -c -g -O2  conftest.c >&5
mipsel-openwrt-linux-gcc: warning: environment variable 'STAGING_DIR' not defined
configure:4297: $? = 0
configure:4297: result: yes
configure:4297: checking for strings.h
configure:4297: mipsel-openwrt-linux-gcc -c -g -O2  conftest.c >&5
mipsel-openwrt-linux-gcc: warning: environment variable 'STAGING_DIR' not defined
configure:4297: $? = 0
configure:4297: result: yes
configure:4297: checking for inttypes.h
configure:4297: mipsel-openwrt-linux-gcc -c -g -O2  conftest.c >&5
mipsel-openwrt-linux-gcc: warning: environment variable 'STAGING_DIR' not defined
configure:4297: $? = 0
configure:4297: result: yes
configure:4297: checking for stdint.h
configure:4297: mipsel-openwrt-linux-gcc -c -g -O2  conftest.c >&5
mipsel-openwrt-linux-gcc: warning: environment variable 'STAGING_DIR' not defined
configure:4297: $? = 0
configure:4297: result: yes
configure:4297: checking for unistd.h
configure:4297: mipsel-openwrt-linux-gcc -c -g -O2  conftest.c >&5
mipsel-openwrt-linux-gcc: warning: environment variable 'STAGING_DIR' not defined
configure:4297: $? = 0
configure:4297: result: yes
configure:4312: checking fcntl.h usability
configure:4312: mipsel-openwrt-linux-gcc -c -g -O2  conftest.c >&5
mipsel-openwrt-linux-gcc: warning: environment variable 'STAGING_DIR' not defined
configure:4312: $? = 0
configure:4312: result: yes
configure:4312: checking fcntl.h presence
configure:4312: mipsel-openwrt-linux-gcc -E  conftest.c
mipsel-openwrt-linux-gcc: warning: environment variable 'STAGING_DIR' not defined
configure:4312: $? = 0
configure:4312: result: yes
configure:4312: checking for fcntl.h
configure:4312: result: yes
configure:4312: checking for stdlib.h
configure:4312: result: yes
configure:4312: checking for string.h
configure:4312: result: yes
configure:4312: checking sys/socket.h usability
configure:4312: mipsel-openwrt-linux-gcc -c -g -O2  conftest.c >&5
mipsel-openwrt-linux-gcc: warning: environment variable 'STAGING_DIR' not defined
configure:4312: $? = 0
configure:4312: result: yes
configure:4312: checking sys/socket.h presence
configure:4312: mipsel-openwrt-linux-gcc -E  conftest.c
mipsel-openwrt-linux-gcc: warning: environment variable 'STAGING_DIR' not defined
configure:4312: $? = 0
configure:4312: result: yes
configure:4312: checking for sys/socket.h
configure:4312: result: yes
configure:4312: checking syslog.h usability
configure:4312: mipsel-openwrt-linux-gcc -c -g -O2  conftest.c >&5
mipsel-openwrt-linux-gcc: warning: environment variable 'STAGING_DIR' not defined
configure:4312: $? = 0
configure:4312: result: yes
configure:4312: checking syslog.h presence
configure:4312: mipsel-openwrt-linux-gcc -E  conftest.c
mipsel-openwrt-linux-gcc: warning: environment variable 'STAGING_DIR' not defined
configure:4312: $? = 0
configure:4312: result: yes
configure:4312: checking for syslog.h
configure:4312: result: yes
configure:4312: checking for unistd.h
configure:4312: result: yes
configure:4324: checking for inline
configure:4340: mipsel-openwrt-linux-gcc -c -g -O2  conftest.c >&5
mipsel-openwrt-linux-gcc: warning: environment variable 'STAGING_DIR' not defined
configure:4340: $? = 0
configure:4348: result: inline
configure:4366: checking for size_t
configure:4366: mipsel-openwrt-linux-gcc -c -g -O2  conftest.c >&5
mipsel-openwrt-linux-gcc: warning: environment variable 'STAGING_DIR' not defined
configure:4366: $? = 0
configure:4366: mipsel-openwrt-linux-gcc -c -g -O2  conftest.c >&5
mipsel-openwrt-linux-gcc: warning: environment variable 'STAGING_DIR' not defined
conftest.c: In function 'main':
conftest.c:63:21: error: expected expression before ')' token
 if (sizeof ((size_t)))
                     ^
configure:4366: $? = 1
configure: failed program was:
| /* confdefs.h */
| #define PACKAGE_NAME "libjrpc"
| #define PACKAGE_TARNAME "libjrpc"
| #define PACKAGE_VERSION "1.0.0"
| #define PACKAGE_STRING "libjrpc 1.0.0"
| #define PACKAGE_BUGREPORT "alaveiw@raonix.com"
| #define PACKAGE_URL ""
| #define PACKAGE "libjrpc"
| #define VERSION "1.0.0"
| #define STDC_HEADERS 1
| #define HAVE_SYS_TYPES_H 1
| #define HAVE_SYS_STAT_H 1
| #define HAVE_STDLIB_H 1
| #define HAVE_STRING_H 1
| #define HAVE_MEMORY_H 1
| #define HAVE_STRINGS_H 1
| #define HAVE_INTTYPES_H 1
| #define HAVE_STDINT_H 1
| #define HAVE_UNISTD_H 1
| #define HAVE_FCNTL_H 1
| #define HAVE_STDLIB_H 1
| #define HAVE_STRING_H 1
| #define HAVE_SYS_SOCKET_H 1
| #define HAVE_SYSLOG_H 1
| #define HAVE_UNISTD_H 1
| /* end confdefs.h.  */
| #include <stdio.h>
| #ifdef HAVE_SYS_TYPES_H
| # include <sys/types.h>
| #endif
| #ifdef HAVE_SYS_STAT_H
| # include <sys/stat.h>
| #endif
| #ifdef STDC_HEADERS
| # include <stdlib.h>
| # include <stddef.h>
| #else
| # ifdef HAVE_STDLIB_H
| #  include <stdlib.h>
| # endif
| #endif
| #ifdef HAVE_STRING_H
| # if !defined STDC_HEADERS && defined HAVE_MEMORY_H
| #  include <memory.h>
| # endif
| # include <string.h>
| #endif
| #ifdef HAVE_STRINGS_H
| # include <strings.h>
| #endif
| #ifdef HAVE_INTTYPES_H
| # include <inttypes.h>
| #endif
| #ifdef HAVE_STDINT_H
| # include <stdint.h>
| #endif
| #ifdef HAVE_UNISTD_H
| # include <unistd.h>
| #endif
| int
| main ()
| {
| if (sizeof ((size_t)))
| 	    return 0;
|   ;
|   return 0;
| }
configure:4366: result: yes
configure:4377: checking for ssize_t
configure:4377: mipsel-openwrt-linux-gcc -c -g -O2  conftest.c >&5
mipsel-openwrt-linux-gcc: warning: environment variable 'STAGING_DIR' not defined
configure:4377: $? = 0
configure:4377: mipsel-openwrt-linux-gcc -c -g -O2  conftest.c >&5
mipsel-openwrt-linux-gcc: warning: environment variable 'STAGING_DIR' not defined
conftest.c: In function 'main':
conftest.c:63:22: error: expected expression before ')' token
 if (sizeof ((ssize_t)))
                      ^
configure:4377: $? = 1
configure: failed program was:
| /* confdefs.h */
| #define PACKAGE_NAME "libjrpc"
| #define PACKAGE_TARNAME "libjrpc"
| #define PACKAGE_VERSION "1.0.0"
| #define PACKAGE_STRING "libjrpc 1.0.0"
| #define PACKAGE_BUGREPORT "alaveiw@raonix.com"
| #define PACKAGE_URL ""
| #define PACKAGE "libjrpc"
| #define VERSION "1.0.0"
| #define STDC_HEADERS 1
| #define HAVE_SYS_TYPES_H 1
| #define HAVE_SYS_STAT_H 1
| #define HAVE_STDLIB_H 1
| #define HAVE_STRING_H 1
| #define HAVE_MEMORY_H 1
| #define HAVE_STRINGS_H 1
| #define HAVE_INTTYPES_H 1
| #define HAVE_STDINT_H 1
| #define HAVE_UNISTD_H 1
| #define HAVE_FCNTL_H 1
| #define HAVE_STDLIB_H 1
| #define HAVE_STRING_H 1
| #define HAVE_SYS_SOCKET_H 1
| #define HAVE_SYSLOG_H 1
| #define HAVE_UNISTD_H 1
| /* end confdefs.h.  */
| #include <stdio.h>
| #ifdef HAVE_SYS_TYPES_H
| # include <sys/types.h>
| #endif
| #ifdef HAVE_SYS_STAT_H
| # include <sys/stat.h>
| #endif
| #ifdef STDC_HEADERS
| # include <stdlib.h>
| # include <stddef.h>
| #else
| # ifdef HAVE_STDLIB_H
| #  include <stdlib.h>
| # endif
| #endif
| #ifdef HAVE_STRING_H
| # if !defined STDC_HEADERS && defined HAVE_MEMORY_H
| #  include <memory.h>
| # endif
| # include <string.h>
| #endif
| #ifdef HAVE_STRINGS_H
| # include <strings.h>
| #endif
| #ifdef HAVE_INTTYPES_H
| # include <inttypes.h>
| #endif
| #ifdef HAVE_STDINT_H
| # include <stdint.h>
| #endif
| #ifdef HAVE_UNISTD_H
| # include <unistd.h>
| #endif
| int
| main ()
| {
| if (sizeof ((ssize_t)))
| 	    return 0;
|   ;
|   return 0;
| }
configure:4377: result: yes
configure:4388: checking for uint16_t
configure:4388: mipsel-openwrt-linux-gcc -c -g -O2  conftest.c >&5
mipsel-openwrt-linux-gcc: warning: environment variable 'STAGING_DIR' not defined
configure:4388: $? = 0
configure:4388: result: yes
configure:4439: checking build system type
configure:4453: result: i686-pc-linux-gnu
configure:4473: checking host system type
configure:4486: result: mipsel-unknown-linux-gnu
configure:4527: checking how to print strings
configure:4554: result: printf
configure:4575: checking for a sed that does not truncate output
configure:4639: result: /bin/sed
configure:4657: checking for fgrep
configure:4719: result: /bin/grep -F
configure:4754: checking for ld used by mipsel-openwrt-linux-gcc
configure:4821: result: /home/alaveiw/projects/dj202_openwrt/staging_dir/toolchain-mipsel_24kec+dsp_gcc-4.8-linaro_musl-1.1.11/mipsel-openwrt-linux-musl/bin/ld
configure:4828: checking if the linker (/home/alaveiw/projects/dj202_openwrt/staging_dir/toolchain-mipsel_24kec+dsp_gcc-4.8-linaro_musl-1.1.11/mipsel-openwrt-linux-musl/bin/ld) is GNU ld
configure:4843: result: yes
configure:4855: checking for BSD- or MS-compatible name lister (nm)
configure:4904: result: /opt/buildroot-gcc342/bin/mipsel-linux-nm -B
configure:5034: checking the name lister (/opt/buildroot-gcc342/bin/mipsel-linux-nm -B) interface
configure:5041: mipsel-openwrt-linux-gcc -c -g -O2  conftest.c >&5
mipsel-openwrt-linux-gcc: warning: environment variable 'STAGING_DIR' not defined
configure:5044: /opt/buildroot-gcc342/bin/mipsel-linux-nm -B "conftest.o"
configure:5047: output
00000000 B some_variable
configure:5054: result: BSD nm
configure:5057: checking whether ln -s works
configure:5061: result: yes
configure:5069: checking the maximum length of command line arguments
configure:5199: result: 1572864
configure:5216: checking whether the shell understands some XSI constructs
configure:5226: result: yes
configure:5230: checking whether the shell understands "+="
configure:5236: result: yes
configure:5271: checking how to convert i686-pc-linux-gnu file names to mipsel-unknown-linux-gnu format
configure:5311: result: func_convert_file_noop
configure:5318: checking how to convert i686-pc-linux-gnu file names to toolchain format
configure:5338: result: func_convert_file_noop
configure:5345: checking for /home/alaveiw/projects/dj202_openwrt/staging_dir/toolchain-mipsel_24kec+dsp_gcc-4.8-linaro_musl-1.1.11/mipsel-openwrt-linux-musl/bin/ld option to reload object files
configure:5352: result: -r
configure:5386: checking for mipsel-linux-objdump
configure:5402: found /opt/buildroot-gcc342/bin/mipsel-linux-objdump
configure:5413: result: mipsel-linux-objdump
configure:5482: checking how to recognize dependent libraries
configure:5684: result: pass_all
configure:5729: checking for mipsel-linux-dlltool
configure:5759: result: no
configure:5769: checking for dlltool
configure:5799: result: no
configure:5826: checking how to associate runtime and link libraries
configure:5853: result: printf %s\n
configure:5869: checking for mipsel-linux-ar
configure:5896: result: mipsel-openwrt-linux-ar
configure:5977: checking for archiver @FILE support
configure:5994: mipsel-openwrt-linux-gcc -c -g -O2  conftest.c >&5
mipsel-openwrt-linux-gcc: warning: environment variable 'STAGING_DIR' not defined
configure:5994: $? = 0
configure:5997: mipsel-openwrt-linux-ar cru libconftest.a @conftest.lst >&5
mipsel-openwrt-linux-ar: `u' modifier ignored since `D' is the default (see `U')
configure:6000: $? = 0
configure:6005: mipsel-openwrt-linux-ar cru libconftest.a @conftest.lst >&5
mipsel-openwrt-linux-ar: `u' modifier ignored since `D' is the default (see `U')
mipsel-openwrt-linux-ar: conftest.o: No such file or directory
configure:6008: $? = 1
configure:6020: result: @
configure:6038: checking for mipsel-linux-strip
configure:6065: result: mipsel-openwrt-linux-strip
configure:6137: checking for mipsel-linux-ranlib
configure:6164: result: mipsel-openwrt-linux-ranlib
configure:6306: checking command to parse /opt/buildroot-gcc342/bin/mipsel-linux-nm -B output from mipsel-openwrt-linux-gcc object
configure:6426: mipsel-openwrt-linux-gcc -c -g -O2  conftest.c >&5
mipsel-openwrt-linux-gcc: warning: environment variable 'STAGING_DIR' not defined
configure:6429: $? = 0
configure:6433: /opt/buildroot-gcc342/bin/mipsel-linux-nm -B conftest.o \| sed -n -e 's/^.*[ ]\([ABCDGIRSTW][ABCDGIRSTW]*\)[ ][ ]*\([_A-Za-z][_A-Za-z0-9]*\)$/\1 \2 \2/p' | sed '/ __gnu_lto/d' \> conftest.nm
configure:6436: $? = 0
configure:6502: mipsel-openwrt-linux-gcc -o conftest -g -O2   conftest.c conftstm.o >&5
mipsel-openwrt-linux-gcc: warning: environment variable 'STAGING_DIR' not defined
mipsel-openwrt-linux-gcc: warning: environment variable 'STAGING_DIR' not defined
mipsel-openwrt-linux-gcc: warning: environment variable 'STAGING_DIR' not defined
configure:6505: $? = 0
configure:6543: result: ok
configure:6580: checking for sysroot
configure:6610: result: no
configure:6826: checking for mipsel-linux-mt
configure:6856: result: no
configure:6866: checking for mt
configure:6882: found /bin/mt
configure:6893: result: mt
configure:6905: WARNING: using cross tools not prefixed with host triplet
configure:6916: checking if mt is a manifest tool
configure:6922: mt '-?'
configure:6930: result: no
configure:7569: checking for dlfcn.h
configure:7569: mipsel-openwrt-linux-gcc -c -g -O2  conftest.c >&5
mipsel-openwrt-linux-gcc: warning: environment variable 'STAGING_DIR' not defined
configure:7569: $? = 0
configure:7569: result: yes
configure:8071: checking for objdir
configure:8086: result: .libs
configure:8353: checking if mipsel-openwrt-linux-gcc supports -fno-rtti -fno-exceptions
configure:8371: mipsel-openwrt-linux-gcc -c -g -O2  -fno-rtti -fno-exceptions conftest.c >&5
mipsel-openwrt-linux-gcc: warning: environment variable 'STAGING_DIR' not defined
cc1: warning: command line option '-fno-rtti' is valid for C++/ObjC++ but not for C [enabled by default]
configure:8375: $? = 0
configure:8388: result: no
configure:8715: checking for mipsel-openwrt-linux-gcc option to produce PIC
configure:8722: result: -fPIC -DPIC
configure:8730: checking if mipsel-openwrt-linux-gcc PIC flag -fPIC -DPIC works
configure:8748: mipsel-openwrt-linux-gcc -c -g -O2  -fPIC -DPIC -DPIC conftest.c >&5
mipsel-openwrt-linux-gcc: warning: environment variable 'STAGING_DIR' not defined
configure:8752: $? = 0
configure:8765: result: yes
configure:8794: checking if mipsel-openwrt-linux-gcc static flag -static works
mipsel-openwrt-linux-gcc: warning: environment variable 'STAGING_DIR' not defined
mipsel-openwrt-linux-gcc: warning: environment variable 'STAGING_DIR' not defined
mipsel-openwrt-linux-gcc: warning: environment variable 'STAGING_DIR' not defined
configure:8822: result: yes
configure:8837: checking if mipsel-openwrt-linux-gcc supports -c -o file.o
configure:8858: mipsel-openwrt-linux-gcc -c -g -O2  -o out/conftest2.o conftest.c >&5
mipsel-openwrt-linux-gcc: warning: environment variable 'STAGING_DIR' not defined
configure:8862: $? = 0
configure:8884: result: yes
configure:8892: checking if mipsel-openwrt-linux-gcc supports -c -o file.o
configure:8939: result: yes
configure:8972: checking whether the mipsel-openwrt-linux-gcc linker (/home/alaveiw/projects/dj202_openwrt/staging_dir/toolchain-mipsel_24kec+dsp_gcc-4.8-linaro_musl-1.1.11/mipsel-openwrt-linux-musl/bin/ld) supports shared libraries
configure:10129: result: yes
configure:10166: checking whether -lc should be explicitly linked in
configure:10174: mipsel-openwrt-linux-gcc -c -g -O2  conftest.c >&5
mipsel-openwrt-linux-gcc: warning: environment variable 'STAGING_DIR' not defined
configure:10177: $? = 0
configure:10192: mipsel-openwrt-linux-gcc -shared  -fPIC -DPIC conftest.o  -v -Wl,-soname -Wl,conftest -o conftest 2\>\&1 \| /bin/grep  -lc  \>/dev/null 2\>\&1
configure:10195: $? = 0
configure:10209: result: no
configure:10369: checking dynamic linker characteristics
configure:10880: mipsel-openwrt-linux-gcc -o conftest -g -O2   -Wl,-rpath -Wl,/foo conftest.c  >&5
mipsel-openwrt-linux-gcc: warning: environment variable 'STAGING_DIR' not defined
mipsel-openwrt-linux-gcc: warning: environment variable 'STAGING_DIR' not defined
mipsel-openwrt-linux-gcc: warning: environment variable 'STAGING_DIR' not defined
configure:10880: $? = 0
configure:11114: result: GNU/Linux ld.so
configure:11221: checking how to hardcode library paths into programs
configure:11246: result: immediate
configure:11786: checking whether stripping libraries is possible
configure:11791: result: yes
configure:11826: checking if libtool supports shared libraries
configure:11828: result: yes
configure:11831: checking whether to build shared libraries
configure:11852: result: yes
configure:11855: checking whether to build static libraries
configure:11859: result: yes
configure:11900: checking for stdlib.h
configure:11900: result: yes
configure:11910: checking for GNU libc compatible malloc
configure:11944: result: no
configure:11967: checking for stdlib.h
configure:11967: result: yes
configure:11977: checking for GNU libc compatible realloc
configure:12011: result: no
configure:12034: checking for socket
configure:12034: mipsel-openwrt-linux-gcc -o conftest -g -O2   conftest.c  >&5
mipsel-openwrt-linux-gcc: warning: environment variable 'STAGING_DIR' not defined
mipsel-openwrt-linux-gcc: warning: environment variable 'STAGING_DIR' not defined
mipsel-openwrt-linux-gcc: warning: environment variable 'STAGING_DIR' not defined
configure:12034: $? = 0
configure:12034: result: yes
configure:12176: creating ./config.status

## ---------------------- ##
## Running config.status. ##
## ---------------------- ##

This file was extended by libjrpc config.status 1.0.0, which was
generated by GNU Autoconf 2.68.  Invocation command line was

  CONFIG_FILES    = 
  CONFIG_HEADERS  = 
  CONFIG_LINKS    = 
  CONFIG_COMMANDS = 
  $ ./config.status 

on cloud

config.status:1109: creating Makefile
config.status:1109: creating src/Makefile
config.status:1109: creating config.h
config.status:1290: config.h is unchanged
config.status:1338: executing depfiles commands
config.status:1338: executing libtool commands

## ---------------- ##
## Cache variables. ##
## ---------------- ##

ac_cv_build=i686-pc-linux-gnu
ac_cv_c_compiler_gnu=yes
ac_cv_c_inline=inline
ac_cv_c_uint16_t=yes
ac_cv_env_CC_set=set
ac_cv_env_CC_value=mipsel-openwrt-linux-gcc
ac_cv_env_CFLAGS_set=
ac_cv_env_CFLAGS_value=
ac_cv_env_CPPFLAGS_set=
ac_cv_env_CPPFLAGS_value=
ac_cv_env_CPP_set=
ac_cv_env_CPP_value=
ac_cv_env_LDFLAGS_set=
ac_cv_env_LDFLAGS_value=
ac_cv_env_LIBS_set=
ac_cv_env_LIBS_value=
ac_cv_env_build_alias_set=set
ac_cv_env_build_alias_value=i686-pc-linux-gnu
ac_cv_env_host_alias_set=set
ac_cv_env_host_alias_value=mipsel-linux
ac_cv_env_target_alias_set=set
ac_cv_env_target_alias_value=mipsel-linux
ac_cv_func_malloc_0_nonnull=no
ac_cv_func_realloc_0_nonnull=no
ac_cv_func_socket=yes
ac_cv_header_dlfcn_h=yes
ac_cv_header_fcntl_h=yes
ac_cv_header_inttypes_h=yes
ac_cv_header_memory_h=yes
ac_cv_header_stdc=yes
ac_cv_header_stdint_h=yes
ac_cv_header_stdlib_h=yes
ac_cv_header_string_h=yes
ac_cv_header_strings_h=yes
ac_cv_header_sys_socket_h=yes
ac_cv_header_sys_stat_h=yes
ac_cv_header_sys_types_h=yes
ac_cv_header_syslog_h=yes
ac_cv_header_unistd_h=yes
ac_cv_host=mipsel-unknown-linux-gnu
ac_cv_objext=o
ac_cv_path_EGREP='/bin/grep -E'
ac_cv_path_FGREP='/bin/grep -F'
ac_cv_path_GREP=/bin/grep
ac_cv_path_SED=/bin/sed
ac_cv_path_install='/usr/bin/install -c'
ac_cv_path_mkdir=/bin/mkdir
ac_cv_prog_AR=mipsel-openwrt-linux-ar
ac_cv_prog_AWK=gawk
ac_cv_prog_CC=mipsel-openwrt-linux-gcc
ac_cv_prog_CPP='mipsel-openwrt-linux-gcc -E'
ac_cv_prog_OBJDUMP=mipsel-linux-objdump
ac_cv_prog_RANLIB=mipsel-openwrt-linux-ranlib
ac_cv_prog_STRIP=mipsel-openwrt-linux-strip
ac_cv_prog_ac_ct_MANIFEST_TOOL=mt
ac_cv_prog_cc_c89=
ac_cv_prog_cc_g=yes
ac_cv_prog_make_make_set=yes
ac_cv_type_size_t=yes
ac_cv_type_ssize_t=yes
am_cv_CC_dependencies_compiler_type=gcc3
am_cv_make_support_nested_variables=yes
am_cv_prog_tar_pax=gnutar
lt_cv_ar_at_file=@
lt_cv_archive_cmds_need_lc=no
lt_cv_deplibs_check_method=pass_all
lt_cv_file_magic_cmd='$MAGIC_CMD'
lt_cv_file_magic_test_file=
lt_cv_ld_reload_flag=-r
lt_cv_nm_interface='BSD nm'
lt_cv_objdir=.libs
lt_cv_path_LD=/home/alaveiw/projects/dj202_openwrt/staging_dir/toolchain-mipsel_24kec+dsp_gcc-4.8-linaro_musl-1.1.11/mipsel-openwrt-linux-musl/bin/ld
lt_cv_path_NM='/opt/buildroot-gcc342/bin/mipsel-linux-nm -B'
lt_cv_path_mainfest_tool=no
lt_cv_prog_compiler_c_o=yes
lt_cv_prog_compiler_pic='-fPIC -DPIC'
lt_cv_prog_compiler_pic_works=yes
lt_cv_prog_compiler_rtti_exceptions=no
lt_cv_prog_compiler_static_works=yes
lt_cv_prog_gnu_ld=yes
lt_cv_sharedlib_from_linklib_cmd='printf %s\n'
lt_cv_shlibpath_overrides_runpath=no
lt_cv_sys_global_symbol_pipe='sed -n -e '\''s/^.*[	 ]\([ABCDGIRSTW][ABCDGIRSTW]*\)[	 ][	 ]*\([_A-Za-z][_A-Za-z0-9]*\)$/\1 \2 \2/p'\'' | sed '\''/ __gnu_lto/d'\'''
lt_cv_sys_global_symbol_to_c_name_address='sed -n -e '\''s/^: \([^ ]*\)[ ]*$/  {\"\1\", (void *) 0},/p'\'' -e '\''s/^[ABCDGIRSTW]* \([^ ]*\) \([^ ]*\)$/  {"\2", (void *) \&\2},/p'\'''
lt_cv_sys_global_symbol_to_c_name_address_lib_prefix='sed -n -e '\''s/^: \([^ ]*\)[ ]*$/  {\"\1\", (void *) 0},/p'\'' -e '\''s/^[ABCDGIRSTW]* \([^ ]*\) \(lib[^ ]*\)$/  {"\2", (void *) \&\2},/p'\'' -e '\''s/^[ABCDGIRSTW]* \([^ ]*\) \([^ ]*\)$/  {"lib\2", (void *) \&\2},/p'\'''
lt_cv_sys_global_symbol_to_cdecl='sed -n -e '\''s/^T .* \(.*\)$/extern int \1();/p'\'' -e '\''s/^[ABCDGIRSTW]* .* \(.*\)$/extern char \1;/p'\'''
lt_cv_sys_max_cmd_len=1572864
lt_cv_to_host_file_cmd=func_convert_file_noop
lt_cv_to_tool_file_cmd=func_convert_file_noop

## ----------------- ##
## Output variables. ##
## ----------------- ##

ACLOCAL='${SHELL} /home/alaveiw/study/autotoolsTEST/libjrpc/missing --run aclocal-1.11'
AMDEPBACKSLASH='\'
AMDEP_FALSE='#'
AMDEP_TRUE=''
AMTAR='$${TAR-tar}'
AM_BACKSLASH='\'
AM_DEFAULT_V='$(AM_DEFAULT_VERBOSITY)'
AM_DEFAULT_VERBOSITY='1'
AM_V='$(V)'
AR='mipsel-openwrt-linux-ar'
AS='as'
AUTOCONF='${SHELL} /home/alaveiw/study/autotoolsTEST/libjrpc/missing --run autoconf'
AUTOHEADER='${SHELL} /home/alaveiw/study/autotoolsTEST/libjrpc/missing --run autoheader'
AUTOMAKE='${SHELL} /home/alaveiw/study/autotoolsTEST/libjrpc/missing --run automake-1.11'
AWK='gawk'
CC='mipsel-openwrt-linux-gcc'
CCDEPMODE='depmode=gcc3'
CFLAGS='-g -O2'
CPP='mipsel-openwrt-linux-gcc -E'
CPPFLAGS=''
CYGPATH_W='echo'
DEFS='-DHAVE_CONFIG_H'
DEPDIR='.deps'
DLLTOOL='false'
DSYMUTIL=''
DUMPBIN=''
ECHO_C=''
ECHO_N='-n'
ECHO_T=''
EGREP='/bin/grep -E'
EXEEXT=''
FGREP='/bin/grep -F'
GREP='/bin/grep'
INSTALL_DATA='${INSTALL} -m 644'
INSTALL_PROGRAM='${INSTALL}'
INSTALL_SCRIPT='${INSTALL}'
INSTALL_STRIP_PROGRAM='$(install_sh) -c -s'
LD='/home/alaveiw/projects/dj202_openwrt/staging_dir/toolchain-mipsel_24kec+dsp_gcc-4.8-linaro_musl-1.1.11/mipsel-openwrt-linux-musl/bin/ld'
LDFLAGS=''
LIBJRPC_LT_VERSION_INFO='6:0:1'
LIBOBJS=' ${LIBOBJDIR}malloc$U.o ${LIBOBJDIR}realloc$U.o'
LIBS=''
LIBTOOL='$(SHELL) $(top_builddir)/libtool'
LIPO=''
LN_S='ln -s'
LTLIBOBJS=' ${LIBOBJDIR}malloc$U.lo ${LIBOBJDIR}realloc$U.lo'
MAKEINFO='${SHELL} /home/alaveiw/study/autotoolsTEST/libjrpc/missing --run makeinfo'
MANIFEST_TOOL=':'
MKDIR_P='/bin/mkdir -p'
NM='/opt/buildroot-gcc342/bin/mipsel-linux-nm -B'
NMEDIT=''
OBJDUMP='mipsel-linux-objdump'
OBJEXT='o'
OTOOL64=''
OTOOL=''
PACKAGE='libjrpc'
PACKAGE_BUGREPORT='alaveiw@raonix.com'
PACKAGE_NAME='libjrpc'
PACKAGE_STRING='libjrpc 1.0.0'
PACKAGE_TARNAME='libjrpc'
PACKAGE_URL=''
PACKAGE_VERSION='1.0.0'
PATH_SEPARATOR=':'
RANLIB='mipsel-openwrt-linux-ranlib'
SED='/bin/sed'
SET_MAKE=''
SHELL='/bin/bash'
STRIP='mipsel-openwrt-linux-strip'
VERSION='1.0.0'
ac_ct_AR=''
ac_ct_CC=''
ac_ct_DUMPBIN=''
am__EXEEXT_FALSE=''
am__EXEEXT_TRUE='#'
am__fastdepCC_FALSE='#'
am__fastdepCC_TRUE=''
am__include='include'
am__isrc=''
am__leading_dot='.'
am__nodep='_no'
am__quote=''
am__tar='tar --format=posix -chf - "$$tardir"'
am__untar='tar -xf -'
bindir='${exec_prefix}/bin'
build='i686-pc-linux-gnu'
build_alias='i686-pc-linux-gnu'
build_cpu='i686'
build_os='linux-gnu'
build_vendor='pc'
datadir='${datarootdir}'
datarootdir='${prefix}/share'
docdir='${datarootdir}/doc/${PACKAGE_TARNAME}'
dvidir='${docdir}'
exec_prefix='${prefix}'
host='mipsel-unknown-linux-gnu'
host_alias='mipsel-linux'
host_cpu='mipsel'
host_os='linux-gnu'
host_vendor='unknown'
htmldir='${docdir}'
includedir='${prefix}/include'
infodir='${datarootdir}/info'
install_sh='${SHELL} /home/alaveiw/study/autotoolsTEST/libjrpc/install-sh'
libdir='${exec_prefix}/lib'
libexecdir='${exec_prefix}/libexec'
localedir='${datarootdir}/locale'
localstatedir='${prefix}/var'
mandir='${datarootdir}/man'
mkdir_p='/bin/mkdir -p'
oldincludedir='/usr/include'
pdfdir='${docdir}'
prefix='/home/alaveiw/study/autotoolsTEST/libjrpc/install'
program_transform_name='s,x,x,'
psdir='${docdir}'
sbindir='${exec_prefix}/sbin'
sharedstatedir='${prefix}/com'
sysconfdir='${prefix}/etc'
target_alias='mipsel-linux'

## ----------- ##
## confdefs.h. ##
## ----------- ##

/* confdefs.h */
#define PACKAGE_NAME "libjrpc"
#define PACKAGE_TARNAME "libjrpc"
#define PACKAGE_VERSION "1.0.0"
#define PACKAGE_STRING "libjrpc 1.0.0"
#define PACKAGE_BUGREPORT "alaveiw@raonix.com"
#define PACKAGE_URL ""
#define PACKAGE "libjrpc"
#define VERSION "1.0.0"
#define STDC_HEADERS 1
#define HAVE_SYS_TYPES_H 1
#define HAVE_SYS_STAT_H 1
#define HAVE_STDLIB_H 1
#define HAVE_STRING_H 1
#define HAVE_MEMORY_H 1
#define HAVE_STRINGS_H 1
#define HAVE_INTTYPES_H 1
#define HAVE_STDINT_H 1
#define HAVE_UNISTD_H 1
#define HAVE_FCNTL_H 1
#define HAVE_STDLIB_H 1
#define HAVE_STRING_H 1
#define HAVE_SYS_SOCKET_H 1
#define HAVE_SYSLOG_H 1
#define HAVE_UNISTD_H 1
#define HAVE_DLFCN_H 1
#define LT_OBJDIR ".libs/"
#define HAVE_STDLIB_H 1
#define HAVE_MALLOC 0
#define malloc rpl_malloc
#define HAVE_STDLIB_H 1
#define HAVE_REALLOC 0
#define realloc rpl_realloc
#define HAVE_SOCKET 1

configure: exit 0
